2016-12-26 15:55:58.717 [main] INFO  test - info level
2016-12-26 15:55:58.742 [main] WARN  test - warn level
2016-12-26 15:55:58.742 [main] ERROR test - error level
2016-12-26 15:55:58.743 [main] FATAL test - fatal level
2016-12-26 17:44:33.927 [main] TRACE test - trace level
2016-12-26 17:44:33.930 [main] DEBUG test - debug level
2016-12-26 17:44:33.931 [main] INFO  test - info level
2016-12-26 17:44:33.932 [main] WARN  test - warn level
2016-12-26 17:44:33.932 [main] ERROR test - error level
2016-12-26 17:44:33.933 [main] FATAL test - fatal level
2016-12-26 17:47:32.348 [main] TRACE test - trace level
2016-12-26 17:47:32.378 [main] DEBUG test - debug level
2016-12-26 17:47:32.379 [main] INFO  test - info level
2016-12-26 17:47:32.379 [main] WARN  test - warn level
2016-12-26 17:47:32.381 [main] ERROR test - error level
2016-12-26 17:47:32.382 [main] FATAL test - fatal level
2016-12-26 17:48:45.865 [main] TRACE test - trace level
2016-12-26 17:48:45.869 [main] DEBUG test - debug level
2016-12-26 17:48:45.870 [main] INFO  test - info level
2016-12-26 17:48:45.870 [main] WARN  test - warn level
2016-12-26 17:48:45.870 [main] ERROR test - error level
2016-12-26 17:48:45.871 [main] FATAL test - fatal level
2016-12-26 17:50:01.290 [main] TRACE test - trace level
2016-12-26 17:50:01.293 [main] DEBUG test - debug level
2016-12-26 17:50:01.294 [main] INFO  test - info level
2016-12-26 17:50:01.316 [main] WARN  test - warn level
2016-12-26 17:50:01.318 [main] ERROR test - error level
2016-12-26 17:50:01.318 [main] FATAL test - fatal level
